<?xml version="1.0" encoding="UTF-8"?>
<testsuite xmlns:xsi="http://www.w3.org/2001/XMLSchema-instance" xsi:noNamespaceSchemaLocation="https://maven.apache.org/surefire/maven-surefire-plugin/xsd/surefire-test-report.xsd" name="com.pillar.vending.VendingMachineUTests" time="0.069" tests="20" errors="0" skipped="0" failures="0">
  <properties>
[...]
</properties>
  <testcase name="displayShowsInsertCoinWhenEmpty" classname="com.pillar.vending.VendingMachineUTests" time="0.005"/>
  <testcase name="machineDisplaysSoldOut" classname="com.pillar.vending.VendingMachineUTests" time="0.004"/>
  <testcase name="acceptsNickel" classname="com.pillar.vending.VendingMachineUTests" time="0.001"/>
  <testcase name="retrieveChangeAfterChipsPurchase" classname="com.pillar.vending.VendingMachineUTests" time="0.001"/>
  <testcase name="candyIsDispensedWithCorrectAmount" classname="com.pillar.vending.VendingMachineUTests" time="0.001"/>
  <testcase name="machineDisplaysExactChangeOnly" classname="com.pillar.vending.VendingMachineUTests" time="0.001"/>
  <testcase name="acceptsQuarter" classname="com.pillar.vending.VendingMachineUTests" time="0"/>
  <testcase name="coinsAreReturned" classname="com.pillar.vending.VendingMachineUTests" time="0"/>
  <testcase name="displayIsCorrectWhenProductIsSelectedButLacksFunds" classname="com.pillar.vending.VendingMachineUTests" time="0"/>
  <testcase name="coinsAreReturnedAfterProductIsSelected" classname="com.pillar.vending.VendingMachineUTests" time="0"/>
  <testcase name="machineDisplaysSoldOutWithCoins" classname="com.pillar.vending.VendingMachineUTests" time="0.001"/>
  <testcase name="doesNotAcceptInvalidCoins" classname="com.pillar.vending.VendingMachineUTests" time="0"/>
  <testcase name="chipsIsDispensedWithCorrectAmount" classname="com.pillar.vending.VendingMachineUTests" time="0"/>
  <testcase name="acceptsDime" classname="com.pillar.vending.VendingMachineUTests" time="0.001"/>
  <testcase name="acceptsValidAndRejectsInvalidCoins" classname="com.pillar.vending.VendingMachineUTests" time="0"/>
  <testcase name="colaIsDispensedWithCorrectAmount" classname="com.pillar.vending.VendingMachineUTests" time="0.002"/>
  <testcase name="retrieveChangeAfterCandyPurchase" classname="com.pillar.vending.VendingMachineUTests" time="0.001"/>
  <testcase name="displayIsCorrectWhenProductIsSelectedButLacksFundsAndMoreCoinsAreInserted" classname="com.pillar.vending.VendingMachineUTests" time="0"/>
  <testcase name="retrieveChangeAfterColaPurchase" classname="com.pillar.vending.VendingMachineUTests" time="0.002"/>
  <testcase name="acceptsMultipleValidCoins" classname="com.pillar.vending.VendingMachineUTests" time="0"/>
</testsuite>